<?xml version="1.0" encoding="UTF-8"?>
<testsuite name="com.kodilla.testing.shape.ShapeCollectorTestSuite" tests="2" skipped="0" failures="0" errors="0" timestamp="2022-05-22T15:29:26" hostname="LAPTOP-LTN46TL5" time="0.002">
  <properties/>
  <testcase name="shouldAddFigure()" classname="com.kodilla.testing.shape.ShapeCollectorTestSuite" time="0.001"/>
  <testcase name="shouldRemoveFigure()" classname="com.kodilla.testing.shape.ShapeCollectorTestSuite" time="0.0"/>
  <system-out><![CDATA[]]></system-out>
  <system-err><![CDATA[]]></system-err>
</testsuite>
